
============================================================
  ARCHIPEL — Journal du nœud port 9001
  Démarré : 2026-02-28 05:22:39
============================================================


============================================================
  ARCHIPEL — Journal du nœud port 9001
  Démarré : 2026-02-28 07:00:42
============================================================

[2026-02-28 07:00:42] ENVOYÉ | 127.0.0.1 | Test direct TCP payload | chiffré: b32ef7e1a72e912852b8c0933481e249...

============================================================
  ARCHIPEL — Journal du nœud port 9001
  Démarré : 2026-02-28 07:01:23
============================================================

[2026-02-28 07:01:23] ENVOYÉ | 127.0.0.1 | Test direct TCP payload | chiffré: a6b4ea934e060665cebf4492066ffe2d...

============================================================
  ARCHIPEL — Journal du nœud port 9001
  Démarré : 2026-02-28 07:02:57
============================================================

[2026-02-28 07:02:58] ENVOYÉ | 127.0.0.1 | Test direct TCP payload FIXED | chiffré: b685dff670e3f5ccb14474545a7b6ba3...

============================================================
  ARCHIPEL — Journal du nœud port 9001
  Démarré : 2026-02-28 07:03:24
============================================================

[2026-02-28 07:03:24] ENVOYÉ | 127.0.0.1 | Test BUG | chiffré: 0993f965c65e7f2a...

============================================================
  ARCHIPEL — Journal du nœud port 9001
  Démarré : 2026-02-28 07:04:34
============================================================

[2026-02-28 07:04:34] ENVOYÉ | 127.0.0.1 | Test direct TCP payload FIXED | chiffré: fc6221b8987f2b863526f90c3d0c6a4d...

============================================================
  ARCHIPEL — Journal du nœud port 9001
  Démarré : 2026-02-28 07:05:38
============================================================

[2026-02-28 07:05:38] ENVOYÉ | 127.0.0.1 | Test BUG | chiffré: 0268f4c6adf3571a...

============================================================
  ARCHIPEL — Journal du nœud port 9001
  Démarré : 2026-02-28 07:07:19
============================================================

[2026-02-28 07:07:19] ENVOYÉ | 127.0.0.1 | Test direct TCP payload FIXED | chiffré: da95955bc4e27addc1425cd4c4c8febc...

============================================================
  ARCHIPEL — Journal du noeud port 9001
  Demarre : 2026-02-28 07:29:30
============================================================

[2026-02-28 07:29:30] ENVOYE | 127.0.0.1 | Bonjour PC2 ! | chiffre: 347a4bec23cd2eddb901e02a79...
