
============================================================
  ARCHIPEL — Journal du nœud port 7777
  Démarré : 2026-02-28 04:24:14
============================================================

[2026-02-28 04:24:15] ENVOYÉ | 127.0.0.1 | Bonjour depuis noeud 1! | chiffré: f4332352062de0c01446e047c4b53b58...

============================================================
  ARCHIPEL — Journal du nœud port 7777
  Démarré : 2026-02-28 04:44:14
============================================================


============================================================
  ARCHIPEL — Journal du nœud port 7777
  Démarré : 2026-02-28 04:46:02
============================================================

[2026-02-28 04:46:46] ENVOYÉ | 10.149.41.155 | ll | chiffré: 0c84...
[2026-02-28 04:47:10] REÇU | 10.149.41.155 | youu | chiffré: 0927b9bc...

============================================================
  ARCHIPEL — Journal du nœud port 7777
  Démarré : 2026-02-28 04:48:34
============================================================

[2026-02-28 04:49:00] ENVOYÉ | 10.149.41.155 | bonjour | chiffré: 89b4e5d99e0e1d...

============================================================
  ARCHIPEL — Journal du nœud port 7777
  Démarré : 2026-02-28 04:57:08
============================================================

